/home/dezhang/.local/lib/python3.10/site-packages/numba/np/ufunc/parallel.py:371: NumbaWarning: [1mThe TBB threading layer requires TBB version 2021 update 6 or later i.e., TBB_INTERFACE_VERSION >= 12060. Found TBB_INTERFACE_VERSION = 12050. The TBB threading layer is disabled.[0m
  warnings.warn(problem)
2025-08-07 22:48:23.871515: E external/local_xla/xla/stream_executor/cuda/cuda_fft.cc:467] Unable to register cuFFT factory: Attempting to register factory for plugin cuFFT when one has already been registered
WARNING: All log messages before absl::InitializeLog() is called are written to STDERR
E0000 00:00:1754578103.883758  109241 cuda_dnn.cc:8579] Unable to register cuDNN factory: Attempting to register factory for plugin cuDNN when one has already been registered
E0000 00:00:1754578103.887540  109241 cuda_blas.cc:1407] Unable to register cuBLAS factory: Attempting to register factory for plugin cuBLAS when one has already been registered
W0000 00:00:1754578103.898423  109241 computation_placer.cc:177] computation placer already registered. Please check linkage and avoid linking the same target more than once.
W0000 00:00:1754578103.898438  109241 computation_placer.cc:177] computation placer already registered. Please check linkage and avoid linking the same target more than once.
W0000 00:00:1754578103.898442  109241 computation_placer.cc:177] computation placer already registered. Please check linkage and avoid linking the same target more than once.
W0000 00:00:1754578103.898445  109241 computation_placer.cc:177] computation placer already registered. Please check linkage and avoid linking the same target more than once.
2025-08-07 22:48:23.901512: I tensorflow/core/platform/cpu_feature_guard.cc:210] This TensorFlow binary is optimized to use available CPU instructions in performance-critical operations.
To enable the following instructions: AVX2 FMA, in other operations, rebuild TensorFlow with the appropriate compiler flags.
Traceback (most recent call last):
  File "/home/dezhang/watermark_removal/SD15_21/encode_exact_invert_remove.py", line 14, in <module>
    from inversion import stable_diffusion_pipe, generate, exact_inversion
  File "/home/dezhang/watermark_removal/SD15_21/inversion.py", line 4, in <module>
    from src.inverse_stable_diffusion import InversableStableDiffusionPipeline
  File "/home/dezhang/watermark_removal/SD15_21/src/inverse_stable_diffusion.py", line 6, in <module>
    from src.modified_stable_diffusion import ModifiedStableDiffusionPipeline
ModuleNotFoundError: No module named 'src.modified_stable_diffusion'
