/home/dezhang/.local/lib/python3.10/site-packages/numba/np/ufunc/parallel.py:371: NumbaWarning: [1mThe TBB threading layer requires TBB version 2021 update 6 or later i.e., TBB_INTERFACE_VERSION >= 12060. Found TBB_INTERFACE_VERSION = 12050. The TBB threading layer is disabled.[0m
  warnings.warn(problem)
2025-08-07 22:47:28.287173: E external/local_xla/xla/stream_executor/cuda/cuda_fft.cc:467] Unable to register cuFFT factory: Attempting to register factory for plugin cuFFT when one has already been registered
WARNING: All log messages before absl::InitializeLog() is called are written to STDERR
E0000 00:00:1754578048.299484  107763 cuda_dnn.cc:8579] Unable to register cuDNN factory: Attempting to register factory for plugin cuDNN when one has already been registered
E0000 00:00:1754578048.303244  107763 cuda_blas.cc:1407] Unable to register cuBLAS factory: Attempting to register factory for plugin cuBLAS when one has already been registered
W0000 00:00:1754578048.313999  107763 computation_placer.cc:177] computation placer already registered. Please check linkage and avoid linking the same target more than once.
W0000 00:00:1754578048.314016  107763 computation_placer.cc:177] computation placer already registered. Please check linkage and avoid linking the same target more than once.
W0000 00:00:1754578048.314019  107763 computation_placer.cc:177] computation placer already registered. Please check linkage and avoid linking the same target more than once.
W0000 00:00:1754578048.314022  107763 computation_placer.cc:177] computation placer already registered. Please check linkage and avoid linking the same target more than once.
2025-08-07 22:47:28.316992: I tensorflow/core/platform/cpu_feature_guard.cc:210] This TensorFlow binary is optimized to use available CPU instructions in performance-critical operations.
To enable the following instructions: AVX2 FMA, in other operations, rebuild TensorFlow with the appropriate compiler flags.
/home/dezhang/.local/lib/python3.10/site-packages/huggingface_hub/file_download.py:1142: FutureWarning: `resume_download` is deprecated and will be removed in version 1.0.0. Downloads always resume when possible. If you want to force a new download, use `force_download=True`.
  warnings.warn(
Namespace(test_num=100, method='prc', model_id='stabilityai/stable-diffusion-2-1-base', dataset_id='Gustavosta/Stable-Diffusion-Prompts', inf_steps=50, nowm=0, fpr=0.1, prc_t=3, attack='white_noise', eps=4.0, device='cuda:0', message_length=1500, inversion='null')
Saving original images to ./results/prc_num_100_steps_50_fpr_0.1_nowm_0_eps_4.0_attack_white_noise_mess_len_1500_inversion_null/original_images
Loading pipeline components...:   0%|          | 0/6 [00:00<?, ?it/s]Loading pipeline components...:  17%|█▋        | 1/6 [00:00<00:02,  1.82it/s]Loading pipeline components...: 100%|██████████| 6/6 [00:00<00:00, 10.02it/s]Loading pipeline components...: 100%|██████████| 6/6 [00:00<00:00,  8.18it/s]
  0%|          | 0/100 [00:00<?, ?it/s]/home/dezhang/.local/lib/python3.10/site-packages/diffusers/pipelines/stable_diffusion/pipeline_stable_diffusion.py:237: FutureWarning: `_encode_prompt()` is deprecated and it will be removed in a future version. Use `encode_prompt()` instead. Also, be aware that the output format changed from a concatenated tensor to a tuple.
  deprecate("_encode_prompt()", "1.0.0", deprecation_message, standard_warn=False)
  0%|          | 0/100 [00:00<?, ?it/s]
Traceback (most recent call last):
  File "/home/dezhang/watermark_removal/SD15_21/encode_exact_invert_remove.py", line 335, in <module>
    orig_image=sample(prompt=current_prompt, start_latents=init_latents, num_inference_steps=args.inf_steps,
  File "/home/dezhang/.local/lib/python3.10/site-packages/torch/utils/_contextlib.py", line 116, in decorate_context
    return func(*args, **kwargs)
  File "/home/dezhang/watermark_removal/SD15_21/encode_exact_invert_remove.py", line 129, in sample
    text_embeddings = pipe._encode_prompt(
  File "/home/dezhang/.local/lib/python3.10/site-packages/diffusers/pipelines/stable_diffusion/pipeline_stable_diffusion.py", line 239, in _encode_prompt
    prompt_embeds_tuple = self.encode_prompt(
  File "/home/dezhang/.local/lib/python3.10/site-packages/diffusers/pipelines/stable_diffusion/pipeline_stable_diffusion.py", line 338, in encode_prompt
    prompt_embeds = self.text_encoder(
  File "/home/dezhang/.local/lib/python3.10/site-packages/torch/nn/modules/module.py", line 1739, in _wrapped_call_impl
    return self._call_impl(*args, **kwargs)
  File "/home/dezhang/.local/lib/python3.10/site-packages/torch/nn/modules/module.py", line 1750, in _call_impl
    return forward_call(*args, **kwargs)
  File "/home/dezhang/.local/lib/python3.10/site-packages/transformers/models/clip/modeling_clip.py", line 816, in forward
    return self.text_model(
  File "/home/dezhang/.local/lib/python3.10/site-packages/torch/nn/modules/module.py", line 1739, in _wrapped_call_impl
    return self._call_impl(*args, **kwargs)
  File "/home/dezhang/.local/lib/python3.10/site-packages/torch/nn/modules/module.py", line 1750, in _call_impl
    return forward_call(*args, **kwargs)
  File "/home/dezhang/.local/lib/python3.10/site-packages/transformers/models/clip/modeling_clip.py", line 712, in forward
    hidden_states = self.embeddings(input_ids=input_ids, position_ids=position_ids)
  File "/home/dezhang/.local/lib/python3.10/site-packages/torch/nn/modules/module.py", line 1739, in _wrapped_call_impl
    return self._call_impl(*args, **kwargs)
  File "/home/dezhang/.local/lib/python3.10/site-packages/torch/nn/modules/module.py", line 1750, in _call_impl
    return forward_call(*args, **kwargs)
  File "/home/dezhang/.local/lib/python3.10/site-packages/transformers/models/clip/modeling_clip.py", line 227, in forward
    inputs_embeds = self.token_embedding(input_ids)
  File "/home/dezhang/.local/lib/python3.10/site-packages/torch/nn/modules/module.py", line 1739, in _wrapped_call_impl
    return self._call_impl(*args, **kwargs)
  File "/home/dezhang/.local/lib/python3.10/site-packages/torch/nn/modules/module.py", line 1750, in _call_impl
    return forward_call(*args, **kwargs)
  File "/home/dezhang/.local/lib/python3.10/site-packages/torch/nn/modules/sparse.py", line 190, in forward
    return F.embedding(
  File "/home/dezhang/.local/lib/python3.10/site-packages/torch/nn/functional.py", line 2551, in embedding
    return torch.embedding(weight, input, padding_idx, scale_grad_by_freq, sparse)
RuntimeError: Expected all tensors to be on the same device, but found at least two devices, cuda:1 and cuda:0! (when checking argument for argument index in method wrapper_CUDA__index_select)
