❌ Failed: prc_num_100_steps_50_fpr_0.1_nowm_0_eps_4_attack_white_noise_mess_len_2000_inversion_null_model_stabilityai_stable-diffusion-2-1-base
❌ Failed: prc_num_100_steps_50_fpr_0.1_nowm_0_eps_4_attack_white_noise_mess_len_2000_inversion_exact_model_stabilityai_stable-diffusion-2-1-base
❌ Failed: prc_num_100_steps_50_fpr_0.1_nowm_0_eps_4_attack_white_noise_mess_len_2000_inversion_prompt_model_stabilityai_stable-diffusion-2-1-base
❌ Failed: prc_num_100_steps_50_fpr_0.1_nowm_0_eps_6_attack_white_noise_mess_len_2000_inversion_null_model_stabilityai_stable-diffusion-2-1-base
❌ Failed: prc_num_100_steps_50_fpr_0.1_nowm_0_eps_6_attack_white_noise_mess_len_2000_inversion_exact_model_stabilityai_stable-diffusion-2-1-base
❌ Failed: prc_num_100_steps_50_fpr_0.1_nowm_0_eps_6_attack_white_noise_mess_len_2000_inversion_prompt_model_stabilityai_stable-diffusion-2-1-base
❌ Failed: prc_num_100_steps_50_fpr_0.1_nowm_0_eps_8_attack_white_noise_mess_len_2000_inversion_null_model_stabilityai_stable-diffusion-2-1-base
❌ Failed: prc_num_100_steps_50_fpr_0.1_nowm_0_eps_8_attack_white_noise_mess_len_2000_inversion_exact_model_stabilityai_stable-diffusion-2-1-base
❌ Failed: prc_num_100_steps_50_fpr_0.1_nowm_0_eps_8_attack_white_noise_mess_len_2000_inversion_prompt_model_stabilityai_stable-diffusion-2-1-base
❌ Failed: prc_num_100_steps_50_fpr_0.1_nowm_0_eps_10_attack_white_noise_mess_len_2000_inversion_null_model_stabilityai_stable-diffusion-2-1-base
❌ Failed: prc_num_100_steps_50_fpr_0.1_nowm_0_eps_10_attack_white_noise_mess_len_2000_inversion_exact_model_stabilityai_stable-diffusion-2-1-base
❌ Failed: prc_num_100_steps_50_fpr_0.1_nowm_0_eps_10_attack_white_noise_mess_len_2000_inversion_prompt_model_stabilityai_stable-diffusion-2-1-base
❌ Failed: prc_num_100_steps_50_fpr_0.1_nowm_0_eps_12_attack_white_noise_mess_len_2000_inversion_null_model_stabilityai_stable-diffusion-2-1-base
❌ Failed: prc_num_100_steps_50_fpr_0.1_nowm_0_eps_12_attack_white_noise_mess_len_2000_inversion_exact_model_stabilityai_stable-diffusion-2-1-base
❌ Failed: prc_num_100_steps_50_fpr_0.1_nowm_0_eps_12_attack_white_noise_mess_len_2000_inversion_prompt_model_stabilityai_stable-diffusion-2-1-base
❌ Failed: prc_num_100_steps_50_fpr_0.1_nowm_0_eps_4_attack_stealthy_mess_len_2000_inversion_null_model_stabilityai_stable-diffusion-2-1-base
❌ Failed: prc_num_100_steps_50_fpr_0.1_nowm_0_eps_4_attack_stealthy_mess_len_2000_inversion_exact_model_stabilityai_stable-diffusion-2-1-base
❌ Failed: prc_num_100_steps_50_fpr_0.1_nowm_0_eps_4_attack_stealthy_mess_len_2000_inversion_prompt_model_stabilityai_stable-diffusion-2-1-base
❌ Failed: prc_num_100_steps_50_fpr_0.1_nowm_0_eps_6_attack_stealthy_mess_len_2000_inversion_null_model_stabilityai_stable-diffusion-2-1-base
❌ Failed: prc_num_100_steps_50_fpr_0.1_nowm_0_eps_6_attack_stealthy_mess_len_2000_inversion_exact_model_stabilityai_stable-diffusion-2-1-base
❌ Failed: prc_num_100_steps_50_fpr_0.1_nowm_0_eps_6_attack_stealthy_mess_len_2000_inversion_prompt_model_stabilityai_stable-diffusion-2-1-base
❌ Failed: prc_num_100_steps_50_fpr_0.1_nowm_0_eps_8_attack_stealthy_mess_len_2000_inversion_null_model_stabilityai_stable-diffusion-2-1-base
❌ Failed: prc_num_100_steps_50_fpr_0.1_nowm_0_eps_8_attack_stealthy_mess_len_2000_inversion_exact_model_stabilityai_stable-diffusion-2-1-base
❌ Failed: prc_num_100_steps_50_fpr_0.1_nowm_0_eps_8_attack_stealthy_mess_len_2000_inversion_prompt_model_stabilityai_stable-diffusion-2-1-base
❌ Failed: prc_num_100_steps_50_fpr_0.1_nowm_0_eps_10_attack_stealthy_mess_len_2000_inversion_null_model_stabilityai_stable-diffusion-2-1-base
❌ Failed: prc_num_100_steps_50_fpr_0.1_nowm_0_eps_10_attack_stealthy_mess_len_2000_inversion_exact_model_stabilityai_stable-diffusion-2-1-base
❌ Failed: prc_num_100_steps_50_fpr_0.1_nowm_0_eps_10_attack_stealthy_mess_len_2000_inversion_prompt_model_stabilityai_stable-diffusion-2-1-base
❌ Failed: prc_num_100_steps_50_fpr_0.1_nowm_0_eps_12_attack_stealthy_mess_len_2000_inversion_null_model_stabilityai_stable-diffusion-2-1-base
❌ Failed: prc_num_100_steps_50_fpr_0.1_nowm_0_eps_12_attack_stealthy_mess_len_2000_inversion_exact_model_stabilityai_stable-diffusion-2-1-base
❌ Failed: prc_num_100_steps_50_fpr_0.1_nowm_0_eps_12_attack_stealthy_mess_len_2000_inversion_prompt_model_stabilityai_stable-diffusion-2-1-base
❌ Failed: prc_num_100_steps_50_fpr_0.1_nowm_0_eps_4_attack_min_distortion_mess_len_2000_inversion_null_model_stabilityai_stable-diffusion-2-1-base
❌ Failed: prc_num_100_steps_50_fpr_0.1_nowm_0_eps_4_attack_min_distortion_mess_len_2000_inversion_exact_model_stabilityai_stable-diffusion-2-1-base
❌ Failed: prc_num_100_steps_50_fpr_0.1_nowm_0_eps_4_attack_min_distortion_mess_len_2000_inversion_prompt_model_stabilityai_stable-diffusion-2-1-base
❌ Failed: prc_num_100_steps_50_fpr_0.1_nowm_0_eps_6_attack_min_distortion_mess_len_2000_inversion_null_model_stabilityai_stable-diffusion-2-1-base
❌ Failed: prc_num_100_steps_50_fpr_0.1_nowm_0_eps_6_attack_min_distortion_mess_len_2000_inversion_exact_model_stabilityai_stable-diffusion-2-1-base
❌ Failed: prc_num_100_steps_50_fpr_0.1_nowm_0_eps_6_attack_min_distortion_mess_len_2000_inversion_prompt_model_stabilityai_stable-diffusion-2-1-base
❌ Failed: prc_num_100_steps_50_fpr_0.1_nowm_0_eps_8_attack_min_distortion_mess_len_2000_inversion_null_model_stabilityai_stable-diffusion-2-1-base
❌ Failed: prc_num_100_steps_50_fpr_0.1_nowm_0_eps_8_attack_min_distortion_mess_len_2000_inversion_exact_model_stabilityai_stable-diffusion-2-1-base
❌ Failed: prc_num_100_steps_50_fpr_0.1_nowm_0_eps_8_attack_min_distortion_mess_len_2000_inversion_prompt_model_stabilityai_stable-diffusion-2-1-base
❌ Failed: prc_num_100_steps_50_fpr_0.1_nowm_0_eps_10_attack_min_distortion_mess_len_2000_inversion_null_model_stabilityai_stable-diffusion-2-1-base
❌ Failed: prc_num_100_steps_50_fpr_0.1_nowm_0_eps_10_attack_min_distortion_mess_len_2000_inversion_exact_model_stabilityai_stable-diffusion-2-1-base
❌ Failed: prc_num_100_steps_50_fpr_0.1_nowm_0_eps_10_attack_min_distortion_mess_len_2000_inversion_prompt_model_stabilityai_stable-diffusion-2-1-base
❌ Failed: prc_num_100_steps_50_fpr_0.1_nowm_0_eps_12_attack_min_distortion_mess_len_2000_inversion_null_model_stabilityai_stable-diffusion-2-1-base
❌ Failed: prc_num_100_steps_50_fpr_0.1_nowm_0_eps_12_attack_min_distortion_mess_len_2000_inversion_exact_model_stabilityai_stable-diffusion-2-1-base
❌ Failed: prc_num_100_steps_50_fpr_0.1_nowm_0_eps_12_attack_min_distortion_mess_len_2000_inversion_prompt_model_stabilityai_stable-diffusion-2-1-base
❌ Failed: prc_num_100_steps_50_fpr_0.1_nowm_0_eps_4_attack_clustering_mess_len_2000_inversion_null_model_stabilityai_stable-diffusion-2-1-base
❌ Failed: prc_num_100_steps_50_fpr_0.1_nowm_0_eps_4_attack_clustering_mess_len_2000_inversion_exact_model_stabilityai_stable-diffusion-2-1-base
❌ Failed: prc_num_100_steps_50_fpr_0.1_nowm_0_eps_4_attack_clustering_mess_len_2000_inversion_prompt_model_stabilityai_stable-diffusion-2-1-base
❌ Failed: prc_num_100_steps_50_fpr_0.1_nowm_0_eps_6_attack_clustering_mess_len_2000_inversion_null_model_stabilityai_stable-diffusion-2-1-base
❌ Failed: prc_num_100_steps_50_fpr_0.1_nowm_0_eps_6_attack_clustering_mess_len_2000_inversion_exact_model_stabilityai_stable-diffusion-2-1-base
❌ Failed: prc_num_100_steps_50_fpr_0.1_nowm_0_eps_6_attack_clustering_mess_len_2000_inversion_prompt_model_stabilityai_stable-diffusion-2-1-base
❌ Failed: prc_num_100_steps_50_fpr_0.1_nowm_0_eps_8_attack_clustering_mess_len_2000_inversion_null_model_stabilityai_stable-diffusion-2-1-base
❌ Failed: prc_num_100_steps_50_fpr_0.1_nowm_0_eps_8_attack_clustering_mess_len_2000_inversion_exact_model_stabilityai_stable-diffusion-2-1-base
❌ Failed: prc_num_100_steps_50_fpr_0.1_nowm_0_eps_8_attack_clustering_mess_len_2000_inversion_prompt_model_stabilityai_stable-diffusion-2-1-base
❌ Failed: prc_num_100_steps_50_fpr_0.1_nowm_0_eps_10_attack_clustering_mess_len_2000_inversion_null_model_stabilityai_stable-diffusion-2-1-base
❌ Failed: prc_num_100_steps_50_fpr_0.1_nowm_0_eps_10_attack_clustering_mess_len_2000_inversion_exact_model_stabilityai_stable-diffusion-2-1-base
❌ Failed: prc_num_100_steps_50_fpr_0.1_nowm_0_eps_10_attack_clustering_mess_len_2000_inversion_prompt_model_stabilityai_stable-diffusion-2-1-base
❌ Failed: prc_num_100_steps_50_fpr_0.1_nowm_0_eps_12_attack_clustering_mess_len_2000_inversion_null_model_stabilityai_stable-diffusion-2-1-base
❌ Failed: prc_num_100_steps_50_fpr_0.1_nowm_0_eps_12_attack_clustering_mess_len_2000_inversion_exact_model_stabilityai_stable-diffusion-2-1-base
❌ Failed: prc_num_100_steps_50_fpr_0.1_nowm_0_eps_12_attack_clustering_mess_len_2000_inversion_prompt_model_stabilityai_stable-diffusion-2-1-base
